19:14:11,811  INFO Louncher:36 - Entering application.
19:15:16,559 DEBUG BasicTypeRegistry:148 - Adding type registration boolean -> org.hibernate.type.BooleanType@41ffba4f
19:15:16,574 DEBUG BasicTypeRegistry:148 - Adding type registration boolean -> org.hibernate.type.BooleanType@41ffba4f
19:15:16,577 DEBUG BasicTypeRegistry:148 - Adding type registration java.lang.Boolean -> org.hibernate.type.BooleanType@41ffba4f
19:15:16,587 DEBUG BasicTypeRegistry:148 - Adding type registration numeric_boolean -> org.hibernate.type.NumericBooleanType@44553ddb
19:15:16,597 DEBUG BasicTypeRegistry:148 - Adding type registration true_false -> org.hibernate.type.TrueFalseType@1d2eb9c8
19:15:16,601 DEBUG BasicTypeRegistry:148 - Adding type registration yes_no -> org.hibernate.type.YesNoType@5cc125d9
19:15:16,611 DEBUG BasicTypeRegistry:148 - Adding type registration byte -> org.hibernate.type.ByteType@1247fdc3
19:15:16,613 DEBUG BasicTypeRegistry:148 - Adding type registration byte -> org.hibernate.type.ByteType@1247fdc3
19:15:16,615 DEBUG BasicTypeRegistry:148 - Adding type registration java.lang.Byte -> org.hibernate.type.ByteType@1247fdc3
19:15:16,622 DEBUG BasicTypeRegistry:148 - Adding type registration character -> org.hibernate.type.CharacterType@14b3b898
19:15:16,624 DEBUG BasicTypeRegistry:148 - Adding type registration char -> org.hibernate.type.CharacterType@14b3b898
19:15:16,627 DEBUG BasicTypeRegistry:148 - Adding type registration java.lang.Character -> org.hibernate.type.CharacterType@14b3b898
19:15:16,641 DEBUG BasicTypeRegistry:148 - Adding type registration short -> org.hibernate.type.ShortType@70f9968f
19:15:16,651 DEBUG BasicTypeRegistry:148 - Adding type registration short -> org.hibernate.type.ShortType@70f9968f
19:15:16,653 DEBUG BasicTypeRegistry:148 - Adding type registration java.lang.Short -> org.hibernate.type.ShortType@70f9968f
19:15:16,663 DEBUG BasicTypeRegistry:148 - Adding type registration integer -> org.hibernate.type.IntegerType@3eed2cab
19:15:16,665 DEBUG BasicTypeRegistry:148 - Adding type registration int -> org.hibernate.type.IntegerType@3eed2cab
19:15:16,667 DEBUG BasicTypeRegistry:148 - Adding type registration java.lang.Integer -> org.hibernate.type.IntegerType@3eed2cab
19:15:16,682 DEBUG BasicTypeRegistry:148 - Adding type registration long -> org.hibernate.type.LongType@2b520293
19:15:16,684 DEBUG BasicTypeRegistry:148 - Adding type registration long -> org.hibernate.type.LongType@2b520293
19:15:16,686 DEBUG BasicTypeRegistry:148 - Adding type registration java.lang.Long -> org.hibernate.type.LongType@2b520293
19:15:16,694 DEBUG BasicTypeRegistry:148 - Adding type registration float -> org.hibernate.type.FloatType@391e680f
19:15:16,696 DEBUG BasicTypeRegistry:148 - Adding type registration float -> org.hibernate.type.FloatType@391e680f
19:15:16,698 DEBUG BasicTypeRegistry:148 - Adding type registration java.lang.Float -> org.hibernate.type.FloatType@391e680f
19:15:16,705 DEBUG BasicTypeRegistry:148 - Adding type registration double -> org.hibernate.type.DoubleType@2a130df8
19:15:16,706 DEBUG BasicTypeRegistry:148 - Adding type registration double -> org.hibernate.type.DoubleType@2a130df8
19:15:16,708 DEBUG BasicTypeRegistry:148 - Adding type registration java.lang.Double -> org.hibernate.type.DoubleType@2a130df8
19:15:16,717 DEBUG BasicTypeRegistry:148 - Adding type registration big_decimal -> org.hibernate.type.BigDecimalType@6ba00355
19:15:16,719 DEBUG BasicTypeRegistry:148 - Adding type registration java.math.BigDecimal -> org.hibernate.type.BigDecimalType@6ba00355
19:15:16,725 DEBUG BasicTypeRegistry:148 - Adding type registration big_integer -> org.hibernate.type.BigIntegerType@28adcd81
19:15:16,727 DEBUG BasicTypeRegistry:148 - Adding type registration java.math.BigInteger -> org.hibernate.type.BigIntegerType@28adcd81
19:15:16,732 DEBUG BasicTypeRegistry:148 - Adding type registration string -> org.hibernate.type.StringType@11331ce6
19:15:16,753 DEBUG BasicTypeRegistry:148 - Adding type registration java.lang.String -> org.hibernate.type.StringType@11331ce6
19:15:16,757 DEBUG BasicTypeRegistry:148 - Adding type registration nstring -> org.hibernate.type.StringNVarcharType@4c1129c
19:15:16,778 DEBUG BasicTypeRegistry:148 - Adding type registration ncharacter -> org.hibernate.type.CharacterNCharType@6cea6c99
19:15:16,782 DEBUG BasicTypeRegistry:148 - Adding type registration url -> org.hibernate.type.UrlType@3e0694a5
19:15:16,784 DEBUG BasicTypeRegistry:148 - Adding type registration java.net.URL -> org.hibernate.type.UrlType@3e0694a5
19:15:16,807 DEBUG BasicTypeRegistry:148 - Adding type registration date -> org.hibernate.type.DateType@4bbc7636
19:15:16,809 DEBUG BasicTypeRegistry:148 - Adding type registration java.sql.Date -> org.hibernate.type.DateType@4bbc7636
19:15:16,816 DEBUG BasicTypeRegistry:148 - Adding type registration time -> org.hibernate.type.TimeType@5e526300
19:15:16,818 DEBUG BasicTypeRegistry:148 - Adding type registration java.sql.Time -> org.hibernate.type.TimeType@5e526300
19:15:16,825 DEBUG BasicTypeRegistry:148 - Adding type registration timestamp -> org.hibernate.type.TimestampType@8262adc
19:15:16,826 DEBUG BasicTypeRegistry:148 - Adding type registration java.sql.Timestamp -> org.hibernate.type.TimestampType@8262adc
19:15:16,828 DEBUG BasicTypeRegistry:148 - Adding type registration java.util.Date -> org.hibernate.type.TimestampType@8262adc
19:15:16,833 DEBUG BasicTypeRegistry:148 - Adding type registration dbtimestamp -> org.hibernate.type.DbTimestampType@6e18e546
19:15:16,876 DEBUG BasicTypeRegistry:148 - Adding type registration calendar -> org.hibernate.type.CalendarType@6e5cbebb
19:15:16,878 DEBUG BasicTypeRegistry:148 - Adding type registration java.util.Calendar -> org.hibernate.type.CalendarType@6e5cbebb
19:15:16,880 DEBUG BasicTypeRegistry:148 - Adding type registration java.util.GregorianCalendar -> org.hibernate.type.CalendarType@6e5cbebb
19:15:16,884 DEBUG BasicTypeRegistry:148 - Adding type registration calendar_date -> org.hibernate.type.CalendarDateType@30e4cb81
19:15:16,888 DEBUG BasicTypeRegistry:148 - Adding type registration locale -> org.hibernate.type.LocaleType@4224753d
19:15:16,891 DEBUG BasicTypeRegistry:148 - Adding type registration java.util.Locale -> org.hibernate.type.LocaleType@4224753d
19:15:16,896 DEBUG BasicTypeRegistry:148 - Adding type registration currency -> org.hibernate.type.CurrencyType@4d63e95
19:15:16,897 DEBUG BasicTypeRegistry:148 - Adding type registration java.util.Currency -> org.hibernate.type.CurrencyType@4d63e95
19:15:16,902 DEBUG BasicTypeRegistry:148 - Adding type registration timezone -> org.hibernate.type.TimeZoneType@3fcc9a3d
19:15:16,903 DEBUG BasicTypeRegistry:148 - Adding type registration java.util.TimeZone -> org.hibernate.type.TimeZoneType@3fcc9a3d
19:15:16,908 DEBUG BasicTypeRegistry:148 - Adding type registration class -> org.hibernate.type.ClassType@449764b
19:15:16,909 DEBUG BasicTypeRegistry:148 - Adding type registration java.lang.Class -> org.hibernate.type.ClassType@449764b
19:15:16,916 DEBUG BasicTypeRegistry:148 - Adding type registration uuid-binary -> org.hibernate.type.UUIDBinaryType@4a96e8fb
19:15:16,918 DEBUG BasicTypeRegistry:148 - Adding type registration java.util.UUID -> org.hibernate.type.UUIDBinaryType@4a96e8fb
19:15:16,921 DEBUG BasicTypeRegistry:148 - Adding type registration uuid-char -> org.hibernate.type.UUIDCharType@65312942
19:15:16,930 DEBUG BasicTypeRegistry:148 - Adding type registration pg-uuid -> org.hibernate.type.PostgresUUIDType@57097add
19:15:16,935 DEBUG BasicTypeRegistry:148 - Adding type registration binary -> org.hibernate.type.BinaryType@69637577
19:15:16,936 DEBUG BasicTypeRegistry:148 - Adding type registration byte[] -> org.hibernate.type.BinaryType@69637577
19:15:16,938 DEBUG BasicTypeRegistry:148 - Adding type registration [B -> org.hibernate.type.BinaryType@69637577
19:15:16,943 DEBUG BasicTypeRegistry:148 - Adding type registration wrapper-binary -> org.hibernate.type.WrapperBinaryType@288315b9
19:15:16,954 DEBUG BasicTypeRegistry:148 - Adding type registration Byte[] -> org.hibernate.type.WrapperBinaryType@288315b9
19:15:16,955 DEBUG BasicTypeRegistry:148 - Adding type registration [Ljava.lang.Byte; -> org.hibernate.type.WrapperBinaryType@288315b9
19:15:16,959 DEBUG BasicTypeRegistry:148 - Adding type registration image -> org.hibernate.type.ImageType@76c0fd31
19:15:16,971 DEBUG BasicTypeRegistry:148 - Adding type registration characters -> org.hibernate.type.CharArrayType@a41f08
19:15:16,974 DEBUG BasicTypeRegistry:148 - Adding type registration char[] -> org.hibernate.type.CharArrayType@a41f08
19:15:17,000 DEBUG BasicTypeRegistry:148 - Adding type registration [C -> org.hibernate.type.CharArrayType@a41f08
19:15:17,004 DEBUG BasicTypeRegistry:148 - Adding type registration wrapper-characters -> org.hibernate.type.CharacterArrayType@7b3d2b1c
19:15:17,005 DEBUG BasicTypeRegistry:148 - Adding type registration [Ljava.lang.Character; -> org.hibernate.type.CharacterArrayType@7b3d2b1c
19:15:17,006 DEBUG BasicTypeRegistry:148 - Adding type registration Character[] -> org.hibernate.type.CharacterArrayType@7b3d2b1c
19:15:17,028 DEBUG BasicTypeRegistry:148 - Adding type registration text -> org.hibernate.type.TextType@5a0fcf50
19:15:17,033 DEBUG BasicTypeRegistry:148 - Adding type registration ntext -> org.hibernate.type.NTextType@1fe48af2
19:15:17,048 DEBUG BasicTypeRegistry:148 - Adding type registration blob -> org.hibernate.type.BlobType@5224d289
19:15:17,049 DEBUG BasicTypeRegistry:148 - Adding type registration java.sql.Blob -> org.hibernate.type.BlobType@5224d289
19:15:17,051 DEBUG BasicTypeRegistry:148 - Adding type registration materialized_blob -> org.hibernate.type.MaterializedBlobType@1263ec92
19:15:17,066 DEBUG BasicTypeRegistry:148 - Adding type registration clob -> org.hibernate.type.ClobType@7c87c24a
19:15:17,067 DEBUG BasicTypeRegistry:148 - Adding type registration java.sql.Clob -> org.hibernate.type.ClobType@7c87c24a
19:15:17,083 DEBUG BasicTypeRegistry:148 - Adding type registration nclob -> org.hibernate.type.NClobType@642ff0de
19:15:17,084 DEBUG BasicTypeRegistry:148 - Adding type registration java.sql.NClob -> org.hibernate.type.NClobType@642ff0de
19:15:17,086 DEBUG BasicTypeRegistry:148 - Adding type registration materialized_clob -> org.hibernate.type.MaterializedClobType@d1af848
19:15:17,088 DEBUG BasicTypeRegistry:148 - Adding type registration materialized_nclob -> org.hibernate.type.MaterializedNClobType@690de239
19:15:17,092 DEBUG BasicTypeRegistry:148 - Adding type registration serializable -> org.hibernate.type.SerializableType@22935862
19:15:17,100 DEBUG BasicTypeRegistry:148 - Adding type registration object -> org.hibernate.type.ObjectType@46a2b249
19:15:17,102 DEBUG BasicTypeRegistry:148 - Adding type registration java.lang.Object -> org.hibernate.type.ObjectType@46a2b249
19:15:17,104 DEBUG BasicTypeRegistry:148 - Adding type registration imm_date -> org.hibernate.type.AdaptedImmutableType@67dac112
19:15:17,105 DEBUG BasicTypeRegistry:148 - Adding type registration imm_time -> org.hibernate.type.AdaptedImmutableType@6762ffa1
19:15:17,106 DEBUG BasicTypeRegistry:148 - Adding type registration imm_timestamp -> org.hibernate.type.AdaptedImmutableType@104c89a4
19:15:17,107 DEBUG BasicTypeRegistry:148 - Adding type registration imm_dbtimestamp -> org.hibernate.type.AdaptedImmutableType@799410
19:15:17,108 DEBUG BasicTypeRegistry:148 - Adding type registration imm_calendar -> org.hibernate.type.AdaptedImmutableType@4370010d
19:15:17,109 DEBUG BasicTypeRegistry:148 - Adding type registration imm_calendar_date -> org.hibernate.type.AdaptedImmutableType@166acdae
19:15:17,110 DEBUG BasicTypeRegistry:148 - Adding type registration imm_binary -> org.hibernate.type.AdaptedImmutableType@1f8beb66
19:15:17,111 DEBUG BasicTypeRegistry:148 - Adding type registration imm_serializable -> org.hibernate.type.AdaptedImmutableType@117800e7
19:15:17,166  INFO Version:37 - HCANN000001: Hibernate Commons Annotations {4.0.2.Final}
19:15:17,180  INFO Version:41 - HHH000412: Hibernate Core {4.2.2.Final}
19:15:17,187  INFO Environment:239 - HHH000206: hibernate.properties not found
19:15:17,191  INFO Environment:342 - HHH000021: Bytecode provider name : javassist
19:15:17,251  INFO Configuration:1985 - HHH000043: Configuring from resource: /hibernate.cfg.xml
19:15:17,252  INFO Configuration:2004 - HHH000040: Configuration resource: /hibernate.cfg.xml
19:18:51,236 DEBUG BasicTypeRegistry:148 - Adding type registration boolean -> org.hibernate.type.BooleanType@6ce25f8a
19:18:51,246 DEBUG BasicTypeRegistry:148 - Adding type registration boolean -> org.hibernate.type.BooleanType@6ce25f8a
19:18:51,248 DEBUG BasicTypeRegistry:148 - Adding type registration java.lang.Boolean -> org.hibernate.type.BooleanType@6ce25f8a
19:18:51,253 DEBUG BasicTypeRegistry:148 - Adding type registration numeric_boolean -> org.hibernate.type.NumericBooleanType@691d75c0
19:18:51,281 DEBUG BasicTypeRegistry:148 - Adding type registration true_false -> org.hibernate.type.TrueFalseType@7fbcac12
19:18:51,285 DEBUG BasicTypeRegistry:148 - Adding type registration yes_no -> org.hibernate.type.YesNoType@3cff8f2c
19:18:51,295 DEBUG BasicTypeRegistry:148 - Adding type registration byte -> org.hibernate.type.ByteType@3d9061ec
19:18:51,297 DEBUG BasicTypeRegistry:148 - Adding type registration byte -> org.hibernate.type.ByteType@3d9061ec
19:18:51,298 DEBUG BasicTypeRegistry:148 - Adding type registration java.lang.Byte -> org.hibernate.type.ByteType@3d9061ec
19:18:51,304 DEBUG BasicTypeRegistry:148 - Adding type registration character -> org.hibernate.type.CharacterType@f64084
19:18:51,306 DEBUG BasicTypeRegistry:148 - Adding type registration char -> org.hibernate.type.CharacterType@f64084
19:18:51,308 DEBUG BasicTypeRegistry:148 - Adding type registration java.lang.Character -> org.hibernate.type.CharacterType@f64084
19:18:51,317 DEBUG BasicTypeRegistry:148 - Adding type registration short -> org.hibernate.type.ShortType@40454ca3
19:18:51,318 DEBUG BasicTypeRegistry:148 - Adding type registration short -> org.hibernate.type.ShortType@40454ca3
19:18:51,320 DEBUG BasicTypeRegistry:148 - Adding type registration java.lang.Short -> org.hibernate.type.ShortType@40454ca3
19:18:51,327 DEBUG BasicTypeRegistry:148 - Adding type registration integer -> org.hibernate.type.IntegerType@41796abe
19:18:51,329 DEBUG BasicTypeRegistry:148 - Adding type registration int -> org.hibernate.type.IntegerType@41796abe
19:18:51,331 DEBUG BasicTypeRegistry:148 - Adding type registration java.lang.Integer -> org.hibernate.type.IntegerType@41796abe
19:18:51,339 DEBUG BasicTypeRegistry:148 - Adding type registration long -> org.hibernate.type.LongType@579347e8
19:18:51,341 DEBUG BasicTypeRegistry:148 - Adding type registration long -> org.hibernate.type.LongType@579347e8
19:18:51,342 DEBUG BasicTypeRegistry:148 - Adding type registration java.lang.Long -> org.hibernate.type.LongType@579347e8
19:18:51,349 DEBUG BasicTypeRegistry:148 - Adding type registration float -> org.hibernate.type.FloatType@5677da01
19:18:51,351 DEBUG BasicTypeRegistry:148 - Adding type registration float -> org.hibernate.type.FloatType@5677da01
19:18:51,352 DEBUG BasicTypeRegistry:148 - Adding type registration java.lang.Float -> org.hibernate.type.FloatType@5677da01
19:18:51,400 DEBUG BasicTypeRegistry:148 - Adding type registration double -> org.hibernate.type.DoubleType@4320e76d
19:18:51,402 DEBUG BasicTypeRegistry:148 - Adding type registration double -> org.hibernate.type.DoubleType@4320e76d
19:18:51,403 DEBUG BasicTypeRegistry:148 - Adding type registration java.lang.Double -> org.hibernate.type.DoubleType@4320e76d
19:18:51,412 DEBUG BasicTypeRegistry:148 - Adding type registration big_decimal -> org.hibernate.type.BigDecimalType@8170146
19:18:51,414 DEBUG BasicTypeRegistry:148 - Adding type registration java.math.BigDecimal -> org.hibernate.type.BigDecimalType@8170146
19:18:51,432 DEBUG BasicTypeRegistry:148 - Adding type registration big_integer -> org.hibernate.type.BigIntegerType@42557280
19:18:51,434 DEBUG BasicTypeRegistry:148 - Adding type registration java.math.BigInteger -> org.hibernate.type.BigIntegerType@42557280
19:18:51,439 DEBUG BasicTypeRegistry:148 - Adding type registration string -> org.hibernate.type.StringType@3eadff2f
19:18:51,441 DEBUG BasicTypeRegistry:148 - Adding type registration java.lang.String -> org.hibernate.type.StringType@3eadff2f
19:18:51,445 DEBUG BasicTypeRegistry:148 - Adding type registration nstring -> org.hibernate.type.StringNVarcharType@58cf323d
19:18:51,450 DEBUG BasicTypeRegistry:148 - Adding type registration ncharacter -> org.hibernate.type.CharacterNCharType@61270aef
19:18:51,454 DEBUG BasicTypeRegistry:148 - Adding type registration url -> org.hibernate.type.UrlType@207f7d58
19:18:51,456 DEBUG BasicTypeRegistry:148 - Adding type registration java.net.URL -> org.hibernate.type.UrlType@207f7d58
19:18:51,464 DEBUG BasicTypeRegistry:148 - Adding type registration date -> org.hibernate.type.DateType@25048104
19:18:51,466 DEBUG BasicTypeRegistry:148 - Adding type registration java.sql.Date -> org.hibernate.type.DateType@25048104
19:18:51,472 DEBUG BasicTypeRegistry:148 - Adding type registration time -> org.hibernate.type.TimeType@18047193
19:18:51,473 DEBUG BasicTypeRegistry:148 - Adding type registration java.sql.Time -> org.hibernate.type.TimeType@18047193
19:18:51,479 DEBUG BasicTypeRegistry:148 - Adding type registration timestamp -> org.hibernate.type.TimestampType@48bfba23
19:18:51,481 DEBUG BasicTypeRegistry:148 - Adding type registration java.sql.Timestamp -> org.hibernate.type.TimestampType@48bfba23
19:18:51,483 DEBUG BasicTypeRegistry:148 - Adding type registration java.util.Date -> org.hibernate.type.TimestampType@48bfba23
19:18:51,488 DEBUG BasicTypeRegistry:148 - Adding type registration dbtimestamp -> org.hibernate.type.DbTimestampType@736244b4
19:18:51,493 DEBUG BasicTypeRegistry:148 - Adding type registration calendar -> org.hibernate.type.CalendarType@560088f
19:18:51,494 DEBUG BasicTypeRegistry:148 - Adding type registration java.util.Calendar -> org.hibernate.type.CalendarType@560088f
19:18:51,495 DEBUG BasicTypeRegistry:148 - Adding type registration java.util.GregorianCalendar -> org.hibernate.type.CalendarType@560088f
19:18:51,499 DEBUG BasicTypeRegistry:148 - Adding type registration calendar_date -> org.hibernate.type.CalendarDateType@52d246ce
19:18:51,503 DEBUG BasicTypeRegistry:148 - Adding type registration locale -> org.hibernate.type.LocaleType@30e4cb81
19:18:51,504 DEBUG BasicTypeRegistry:148 - Adding type registration java.util.Locale -> org.hibernate.type.LocaleType@30e4cb81
19:18:51,508 DEBUG BasicTypeRegistry:148 - Adding type registration currency -> org.hibernate.type.CurrencyType@2d2e3a2c
19:18:51,510 DEBUG BasicTypeRegistry:148 - Adding type registration java.util.Currency -> org.hibernate.type.CurrencyType@2d2e3a2c
19:18:51,514 DEBUG BasicTypeRegistry:148 - Adding type registration timezone -> org.hibernate.type.TimeZoneType@4d63e95
19:18:51,515 DEBUG BasicTypeRegistry:148 - Adding type registration java.util.TimeZone -> org.hibernate.type.TimeZoneType@4d63e95
19:18:51,519 DEBUG BasicTypeRegistry:148 - Adding type registration class -> org.hibernate.type.ClassType@52d38525
19:18:51,521 DEBUG BasicTypeRegistry:148 - Adding type registration java.lang.Class -> org.hibernate.type.ClassType@52d38525
19:18:51,527 DEBUG BasicTypeRegistry:148 - Adding type registration uuid-binary -> org.hibernate.type.UUIDBinaryType@723a4422
19:18:51,528 DEBUG BasicTypeRegistry:148 - Adding type registration java.util.UUID -> org.hibernate.type.UUIDBinaryType@723a4422
19:18:51,531 DEBUG BasicTypeRegistry:148 - Adding type registration uuid-char -> org.hibernate.type.UUIDCharType@7da03d77
19:18:51,534 DEBUG BasicTypeRegistry:148 - Adding type registration pg-uuid -> org.hibernate.type.PostgresUUIDType@4a96e8fb
19:18:51,544 DEBUG BasicTypeRegistry:148 - Adding type registration binary -> org.hibernate.type.BinaryType@4a8f79ba
19:18:51,545 DEBUG BasicTypeRegistry:148 - Adding type registration byte[] -> org.hibernate.type.BinaryType@4a8f79ba
19:18:51,547 DEBUG BasicTypeRegistry:148 - Adding type registration [B -> org.hibernate.type.BinaryType@4a8f79ba
19:18:51,556 DEBUG BasicTypeRegistry:148 - Adding type registration wrapper-binary -> org.hibernate.type.WrapperBinaryType@fed587b
19:18:51,558 DEBUG BasicTypeRegistry:148 - Adding type registration Byte[] -> org.hibernate.type.WrapperBinaryType@fed587b
19:18:51,559 DEBUG BasicTypeRegistry:148 - Adding type registration [Ljava.lang.Byte; -> org.hibernate.type.WrapperBinaryType@fed587b
19:18:51,562 DEBUG BasicTypeRegistry:148 - Adding type registration image -> org.hibernate.type.ImageType@5aaa4bf8
19:18:51,565 DEBUG BasicTypeRegistry:148 - Adding type registration characters -> org.hibernate.type.CharArrayType@392a12fc
19:18:51,567 DEBUG BasicTypeRegistry:148 - Adding type registration char[] -> org.hibernate.type.CharArrayType@392a12fc
19:18:51,568 DEBUG BasicTypeRegistry:148 - Adding type registration [C -> org.hibernate.type.CharArrayType@392a12fc
19:18:51,573 DEBUG BasicTypeRegistry:148 - Adding type registration wrapper-characters -> org.hibernate.type.CharacterArrayType@3665ea4b
19:18:51,574 DEBUG BasicTypeRegistry:148 - Adding type registration [Ljava.lang.Character; -> org.hibernate.type.CharacterArrayType@3665ea4b
19:18:51,575 DEBUG BasicTypeRegistry:148 - Adding type registration Character[] -> org.hibernate.type.CharacterArrayType@3665ea4b
19:18:51,580 DEBUG BasicTypeRegistry:148 - Adding type registration text -> org.hibernate.type.TextType@42a85af8
19:18:51,586 DEBUG BasicTypeRegistry:148 - Adding type registration ntext -> org.hibernate.type.NTextType@6cd97a79
19:18:51,606 DEBUG BasicTypeRegistry:148 - Adding type registration blob -> org.hibernate.type.BlobType@11a7845f
19:18:51,607 DEBUG BasicTypeRegistry:148 - Adding type registration java.sql.Blob -> org.hibernate.type.BlobType@11a7845f
19:18:51,609 DEBUG BasicTypeRegistry:148 - Adding type registration materialized_blob -> org.hibernate.type.MaterializedBlobType@2174009b
19:18:51,626 DEBUG BasicTypeRegistry:148 - Adding type registration clob -> org.hibernate.type.ClobType@54fba1ac
19:18:51,628 DEBUG BasicTypeRegistry:148 - Adding type registration java.sql.Clob -> org.hibernate.type.ClobType@54fba1ac
19:18:51,646 DEBUG BasicTypeRegistry:148 - Adding type registration nclob -> org.hibernate.type.NClobType@45974736
19:18:51,647 DEBUG BasicTypeRegistry:148 - Adding type registration java.sql.NClob -> org.hibernate.type.NClobType@45974736
19:18:51,653 DEBUG BasicTypeRegistry:148 - Adding type registration materialized_clob -> org.hibernate.type.MaterializedClobType@4c782678
19:18:51,655 DEBUG BasicTypeRegistry:148 - Adding type registration materialized_nclob -> org.hibernate.type.MaterializedNClobType@262e9e80
19:18:51,659 DEBUG BasicTypeRegistry:148 - Adding type registration serializable -> org.hibernate.type.SerializableType@1e6b74c8
19:18:51,671 DEBUG BasicTypeRegistry:148 - Adding type registration object -> org.hibernate.type.ObjectType@d9ef365
19:18:51,672 DEBUG BasicTypeRegistry:148 - Adding type registration java.lang.Object -> org.hibernate.type.ObjectType@d9ef365
19:18:51,674 DEBUG BasicTypeRegistry:148 - Adding type registration imm_date -> org.hibernate.type.AdaptedImmutableType@3cd1aa70
19:18:51,675 DEBUG BasicTypeRegistry:148 - Adding type registration imm_time -> org.hibernate.type.AdaptedImmutableType@439ed348
19:18:51,676 DEBUG BasicTypeRegistry:148 - Adding type registration imm_timestamp -> org.hibernate.type.AdaptedImmutableType@4b783ddd
19:18:51,677 DEBUG BasicTypeRegistry:148 - Adding type registration imm_dbtimestamp -> org.hibernate.type.AdaptedImmutableType@5ae1a690
19:18:51,678 DEBUG BasicTypeRegistry:148 - Adding type registration imm_calendar -> org.hibernate.type.AdaptedImmutableType@767ebd7d
19:18:51,679 DEBUG BasicTypeRegistry:148 - Adding type registration imm_calendar_date -> org.hibernate.type.AdaptedImmutableType@a52ded2
19:18:51,680 DEBUG BasicTypeRegistry:148 - Adding type registration imm_binary -> org.hibernate.type.AdaptedImmutableType@6366fad9
19:18:51,681 DEBUG BasicTypeRegistry:148 - Adding type registration imm_serializable -> org.hibernate.type.AdaptedImmutableType@37408d95
19:18:51,736  INFO Version:37 - HCANN000001: Hibernate Commons Annotations {4.0.2.Final}
19:18:51,753  INFO Version:41 - HHH000412: Hibernate Core {4.2.2.Final}
19:18:51,760  INFO Environment:239 - HHH000206: hibernate.properties not found
19:18:51,764  INFO Environment:342 - HHH000021: Bytecode provider name : javassist
19:18:51,831  INFO Configuration:1985 - HHH000043: Configuring from resource: /hibernate.cfg.xml
19:18:51,832  INFO Configuration:2004 - HHH000040: Configuration resource: /hibernate.cfg.xml
19:19:22,278 DEBUG BasicTypeRegistry:148 - Adding type registration boolean -> org.hibernate.type.BooleanType@435d671a
19:19:22,286 DEBUG BasicTypeRegistry:148 - Adding type registration boolean -> org.hibernate.type.BooleanType@435d671a
19:19:22,288 DEBUG BasicTypeRegistry:148 - Adding type registration java.lang.Boolean -> org.hibernate.type.BooleanType@435d671a
19:19:22,293 DEBUG BasicTypeRegistry:148 - Adding type registration numeric_boolean -> org.hibernate.type.NumericBooleanType@38632055
19:19:22,300 DEBUG BasicTypeRegistry:148 - Adding type registration true_false -> org.hibernate.type.TrueFalseType@3d6998b9
19:19:22,303 DEBUG BasicTypeRegistry:148 - Adding type registration yes_no -> org.hibernate.type.YesNoType@385017e9
19:19:22,310 DEBUG BasicTypeRegistry:148 - Adding type registration byte -> org.hibernate.type.ByteType@4016fa38
19:19:22,312 DEBUG BasicTypeRegistry:148 - Adding type registration byte -> org.hibernate.type.ByteType@4016fa38
19:19:22,314 DEBUG BasicTypeRegistry:148 - Adding type registration java.lang.Byte -> org.hibernate.type.ByteType@4016fa38
19:19:22,319 DEBUG BasicTypeRegistry:148 - Adding type registration character -> org.hibernate.type.CharacterType@58adab12
19:19:22,321 DEBUG BasicTypeRegistry:148 - Adding type registration char -> org.hibernate.type.CharacterType@58adab12
19:19:22,322 DEBUG BasicTypeRegistry:148 - Adding type registration java.lang.Character -> org.hibernate.type.CharacterType@58adab12
19:19:22,331 DEBUG BasicTypeRegistry:148 - Adding type registration short -> org.hibernate.type.ShortType@53f96306
19:19:22,333 DEBUG BasicTypeRegistry:148 - Adding type registration short -> org.hibernate.type.ShortType@53f96306
19:19:22,335 DEBUG BasicTypeRegistry:148 - Adding type registration java.lang.Short -> org.hibernate.type.ShortType@53f96306
19:19:22,344 DEBUG BasicTypeRegistry:148 - Adding type registration integer -> org.hibernate.type.IntegerType@70f9968f
19:19:22,349 DEBUG BasicTypeRegistry:148 - Adding type registration int -> org.hibernate.type.IntegerType@70f9968f
19:19:22,351 DEBUG BasicTypeRegistry:148 - Adding type registration java.lang.Integer -> org.hibernate.type.IntegerType@70f9968f
19:19:22,358 DEBUG BasicTypeRegistry:148 - Adding type registration long -> org.hibernate.type.LongType@6f1dc409
19:19:22,359 DEBUG BasicTypeRegistry:148 - Adding type registration long -> org.hibernate.type.LongType@6f1dc409
19:19:22,361 DEBUG BasicTypeRegistry:148 - Adding type registration java.lang.Long -> org.hibernate.type.LongType@6f1dc409
19:19:22,368 DEBUG BasicTypeRegistry:148 - Adding type registration float -> org.hibernate.type.FloatType@55e610e3
19:19:22,370 DEBUG BasicTypeRegistry:148 - Adding type registration float -> org.hibernate.type.FloatType@55e610e3
19:19:22,371 DEBUG BasicTypeRegistry:148 - Adding type registration java.lang.Float -> org.hibernate.type.FloatType@55e610e3
19:19:22,377 DEBUG BasicTypeRegistry:148 - Adding type registration double -> org.hibernate.type.DoubleType@6920d5d
19:19:22,379 DEBUG BasicTypeRegistry:148 - Adding type registration double -> org.hibernate.type.DoubleType@6920d5d
19:19:22,380 DEBUG BasicTypeRegistry:148 - Adding type registration java.lang.Double -> org.hibernate.type.DoubleType@6920d5d
19:19:22,389 DEBUG BasicTypeRegistry:148 - Adding type registration big_decimal -> org.hibernate.type.BigDecimalType@e31b95f
19:19:22,390 DEBUG BasicTypeRegistry:148 - Adding type registration java.math.BigDecimal -> org.hibernate.type.BigDecimalType@e31b95f
19:19:22,396 DEBUG BasicTypeRegistry:148 - Adding type registration big_integer -> org.hibernate.type.BigIntegerType@5e20a82a
19:19:22,398 DEBUG BasicTypeRegistry:148 - Adding type registration java.math.BigInteger -> org.hibernate.type.BigIntegerType@5e20a82a
19:19:22,405 DEBUG BasicTypeRegistry:148 - Adding type registration string -> org.hibernate.type.StringType@3eb69969
19:19:22,406 DEBUG BasicTypeRegistry:148 - Adding type registration java.lang.String -> org.hibernate.type.StringType@3eb69969
19:19:22,411 DEBUG BasicTypeRegistry:148 - Adding type registration nstring -> org.hibernate.type.StringNVarcharType@61418687
19:19:22,415 DEBUG BasicTypeRegistry:148 - Adding type registration ncharacter -> org.hibernate.type.CharacterNCharType@32ae48dc
19:19:22,419 DEBUG BasicTypeRegistry:148 - Adding type registration url -> org.hibernate.type.UrlType@70bd61d4
19:19:22,421 DEBUG BasicTypeRegistry:148 - Adding type registration java.net.URL -> org.hibernate.type.UrlType@70bd61d4
19:19:22,428 DEBUG BasicTypeRegistry:148 - Adding type registration date -> org.hibernate.type.DateType@2c888fc9
19:19:22,429 DEBUG BasicTypeRegistry:148 - Adding type registration java.sql.Date -> org.hibernate.type.DateType@2c888fc9
19:19:22,437 DEBUG BasicTypeRegistry:148 - Adding type registration time -> org.hibernate.type.TimeType@20f5e794
19:19:22,439 DEBUG BasicTypeRegistry:148 - Adding type registration java.sql.Time -> org.hibernate.type.TimeType@20f5e794
19:19:22,446 DEBUG BasicTypeRegistry:148 - Adding type registration timestamp -> org.hibernate.type.TimestampType@57a220c2
19:19:22,448 DEBUG BasicTypeRegistry:148 - Adding type registration java.sql.Timestamp -> org.hibernate.type.TimestampType@57a220c2
19:19:22,449 DEBUG BasicTypeRegistry:148 - Adding type registration java.util.Date -> org.hibernate.type.TimestampType@57a220c2
19:19:22,454 DEBUG BasicTypeRegistry:148 - Adding type registration dbtimestamp -> org.hibernate.type.DbTimestampType@2bf8d0a4
19:19:22,459 DEBUG BasicTypeRegistry:148 - Adding type registration calendar -> org.hibernate.type.CalendarType@24748f22
19:19:22,461 DEBUG BasicTypeRegistry:148 - Adding type registration java.util.Calendar -> org.hibernate.type.CalendarType@24748f22
19:19:22,462 DEBUG BasicTypeRegistry:148 - Adding type registration java.util.GregorianCalendar -> org.hibernate.type.CalendarType@24748f22
19:19:22,465 DEBUG BasicTypeRegistry:148 - Adding type registration calendar_date -> org.hibernate.type.CalendarDateType@31eaca2
19:19:22,469 DEBUG BasicTypeRegistry:148 - Adding type registration locale -> org.hibernate.type.LocaleType@4007ab03
19:19:22,470 DEBUG BasicTypeRegistry:148 - Adding type registration java.util.Locale -> org.hibernate.type.LocaleType@4007ab03
19:19:22,474 DEBUG BasicTypeRegistry:148 - Adding type registration currency -> org.hibernate.type.CurrencyType@3896a53a
19:19:22,475 DEBUG BasicTypeRegistry:148 - Adding type registration java.util.Currency -> org.hibernate.type.CurrencyType@3896a53a
19:19:22,479 DEBUG BasicTypeRegistry:148 - Adding type registration timezone -> org.hibernate.type.TimeZoneType@3c0d52ea
19:19:22,480 DEBUG BasicTypeRegistry:148 - Adding type registration java.util.TimeZone -> org.hibernate.type.TimeZoneType@3c0d52ea
19:19:22,484 DEBUG BasicTypeRegistry:148 - Adding type registration class -> org.hibernate.type.ClassType@7dbe444b
19:19:22,485 DEBUG BasicTypeRegistry:148 - Adding type registration java.lang.Class -> org.hibernate.type.ClassType@7dbe444b
19:19:22,490 DEBUG BasicTypeRegistry:148 - Adding type registration uuid-binary -> org.hibernate.type.UUIDBinaryType@37e604da
19:19:22,492 DEBUG BasicTypeRegistry:148 - Adding type registration java.util.UUID -> org.hibernate.type.UUIDBinaryType@37e604da
19:19:22,495 DEBUG BasicTypeRegistry:148 - Adding type registration uuid-char -> org.hibernate.type.UUIDCharType@58fe09a1
19:19:22,499 DEBUG BasicTypeRegistry:148 - Adding type registration pg-uuid -> org.hibernate.type.PostgresUUIDType@7980daa6
19:19:22,505 DEBUG BasicTypeRegistry:148 - Adding type registration binary -> org.hibernate.type.BinaryType@605036e8
19:19:22,506 DEBUG BasicTypeRegistry:148 - Adding type registration byte[] -> org.hibernate.type.BinaryType@605036e8
19:19:22,507 DEBUG BasicTypeRegistry:148 - Adding type registration [B -> org.hibernate.type.BinaryType@605036e8
19:19:22,511 DEBUG BasicTypeRegistry:148 - Adding type registration wrapper-binary -> org.hibernate.type.WrapperBinaryType@b50daf
19:19:22,513 DEBUG BasicTypeRegistry:148 - Adding type registration Byte[] -> org.hibernate.type.WrapperBinaryType@b50daf
19:19:22,514 DEBUG BasicTypeRegistry:148 - Adding type registration [Ljava.lang.Byte; -> org.hibernate.type.WrapperBinaryType@b50daf
19:19:22,524 DEBUG BasicTypeRegistry:148 - Adding type registration image -> org.hibernate.type.ImageType@4650be6
19:19:22,528 DEBUG BasicTypeRegistry:148 - Adding type registration characters -> org.hibernate.type.CharArrayType@b6bb0d4
19:19:22,529 DEBUG BasicTypeRegistry:148 - Adding type registration char[] -> org.hibernate.type.CharArrayType@b6bb0d4
19:19:22,531 DEBUG BasicTypeRegistry:148 - Adding type registration [C -> org.hibernate.type.CharArrayType@b6bb0d4
19:19:22,535 DEBUG BasicTypeRegistry:148 - Adding type registration wrapper-characters -> org.hibernate.type.CharacterArrayType@7f2bb08f
19:19:22,536 DEBUG BasicTypeRegistry:148 - Adding type registration [Ljava.lang.Character; -> org.hibernate.type.CharacterArrayType@7f2bb08f
19:19:22,537 DEBUG BasicTypeRegistry:148 - Adding type registration Character[] -> org.hibernate.type.CharacterArrayType@7f2bb08f
19:19:22,541 DEBUG BasicTypeRegistry:148 - Adding type registration text -> org.hibernate.type.TextType@61ee4296
19:19:22,544 DEBUG BasicTypeRegistry:148 - Adding type registration ntext -> org.hibernate.type.NTextType@31731840
19:19:22,561 DEBUG BasicTypeRegistry:148 - Adding type registration blob -> org.hibernate.type.BlobType@44eefb4
19:19:22,563 DEBUG BasicTypeRegistry:148 - Adding type registration java.sql.Blob -> org.hibernate.type.BlobType@44eefb4
19:19:22,565 DEBUG BasicTypeRegistry:148 - Adding type registration materialized_blob -> org.hibernate.type.MaterializedBlobType@5247fb00
19:19:22,578 DEBUG BasicTypeRegistry:148 - Adding type registration clob -> org.hibernate.type.ClobType@4ee7c6cd
19:19:22,579 DEBUG BasicTypeRegistry:148 - Adding type registration java.sql.Clob -> org.hibernate.type.ClobType@4ee7c6cd
19:19:22,589 DEBUG BasicTypeRegistry:148 - Adding type registration nclob -> org.hibernate.type.NClobType@eeaedad
19:19:22,590 DEBUG BasicTypeRegistry:148 - Adding type registration java.sql.NClob -> org.hibernate.type.NClobType@eeaedad
19:19:22,594 DEBUG BasicTypeRegistry:148 - Adding type registration materialized_clob -> org.hibernate.type.MaterializedClobType@192328ef
19:19:22,600 DEBUG BasicTypeRegistry:148 - Adding type registration materialized_nclob -> org.hibernate.type.MaterializedNClobType@336e8a49
19:19:22,613 DEBUG BasicTypeRegistry:148 - Adding type registration serializable -> org.hibernate.type.SerializableType@308c497
19:19:22,625 DEBUG BasicTypeRegistry:148 - Adding type registration object -> org.hibernate.type.ObjectType@16393296
19:19:22,626 DEBUG BasicTypeRegistry:148 - Adding type registration java.lang.Object -> org.hibernate.type.ObjectType@16393296
19:19:22,628 DEBUG BasicTypeRegistry:148 - Adding type registration imm_date -> org.hibernate.type.AdaptedImmutableType@10c03c6
19:19:22,629 DEBUG BasicTypeRegistry:148 - Adding type registration imm_time -> org.hibernate.type.AdaptedImmutableType@3cd1aa70
19:19:22,629 DEBUG BasicTypeRegistry:148 - Adding type registration imm_timestamp -> org.hibernate.type.AdaptedImmutableType@439ed348
19:19:22,630 DEBUG BasicTypeRegistry:148 - Adding type registration imm_dbtimestamp -> org.hibernate.type.AdaptedImmutableType@4b783ddd
19:19:22,631 DEBUG BasicTypeRegistry:148 - Adding type registration imm_calendar -> org.hibernate.type.AdaptedImmutableType@5ae1a690
19:19:22,632 DEBUG BasicTypeRegistry:148 - Adding type registration imm_calendar_date -> org.hibernate.type.AdaptedImmutableType@767ebd7d
19:19:22,633 DEBUG BasicTypeRegistry:148 - Adding type registration imm_binary -> org.hibernate.type.AdaptedImmutableType@a52ded2
19:19:22,634 DEBUG BasicTypeRegistry:148 - Adding type registration imm_serializable -> org.hibernate.type.AdaptedImmutableType@6366fad9
19:19:22,676  INFO Version:37 - HCANN000001: Hibernate Commons Annotations {4.0.2.Final}
19:19:22,686  INFO Version:41 - HHH000412: Hibernate Core {4.2.2.Final}
19:19:22,691  INFO Environment:239 - HHH000206: hibernate.properties not found
19:19:22,695  INFO Environment:342 - HHH000021: Bytecode provider name : javassist
19:19:22,743  INFO Configuration:1985 - HHH000043: Configuring from resource: /hibernate.cfg.xml
19:19:22,744  INFO Configuration:2004 - HHH000040: Configuration resource: /hibernate.cfg.xml
19:22:51,892 DEBUG BasicTypeRegistry:143 - Adding type registration boolean -> org.hibernate.type.BooleanType@476020ed
19:22:51,901 DEBUG BasicTypeRegistry:143 - Adding type registration boolean -> org.hibernate.type.BooleanType@476020ed
19:22:51,903 DEBUG BasicTypeRegistry:143 - Adding type registration java.lang.Boolean -> org.hibernate.type.BooleanType@476020ed
19:22:51,909 DEBUG BasicTypeRegistry:143 - Adding type registration numeric_boolean -> org.hibernate.type.NumericBooleanType@22c6bb6c
19:22:51,916 DEBUG BasicTypeRegistry:143 - Adding type registration true_false -> org.hibernate.type.TrueFalseType@291bfe83
19:22:51,919 DEBUG BasicTypeRegistry:143 - Adding type registration yes_no -> org.hibernate.type.YesNoType@4349816e
19:22:51,929 DEBUG BasicTypeRegistry:143 - Adding type registration byte -> org.hibernate.type.ByteType@6b115cce
19:22:51,931 DEBUG BasicTypeRegistry:143 - Adding type registration byte -> org.hibernate.type.ByteType@6b115cce
19:22:51,933 DEBUG BasicTypeRegistry:143 - Adding type registration java.lang.Byte -> org.hibernate.type.ByteType@6b115cce
19:22:51,940 DEBUG BasicTypeRegistry:143 - Adding type registration character -> org.hibernate.type.CharacterType@4e644b0d
19:22:51,942 DEBUG BasicTypeRegistry:143 - Adding type registration char -> org.hibernate.type.CharacterType@4e644b0d
19:22:51,944 DEBUG BasicTypeRegistry:143 - Adding type registration java.lang.Character -> org.hibernate.type.CharacterType@4e644b0d
19:22:51,954 DEBUG BasicTypeRegistry:143 - Adding type registration short -> org.hibernate.type.ShortType@4efaf4ec
19:22:51,956 DEBUG BasicTypeRegistry:143 - Adding type registration short -> org.hibernate.type.ShortType@4efaf4ec
19:22:51,959 DEBUG BasicTypeRegistry:143 - Adding type registration java.lang.Short -> org.hibernate.type.ShortType@4efaf4ec
19:22:51,965 DEBUG BasicTypeRegistry:143 - Adding type registration integer -> org.hibernate.type.IntegerType@11c2e5bb
19:22:51,968 DEBUG BasicTypeRegistry:143 - Adding type registration int -> org.hibernate.type.IntegerType@11c2e5bb
19:22:51,970 DEBUG BasicTypeRegistry:143 - Adding type registration java.lang.Integer -> org.hibernate.type.IntegerType@11c2e5bb
19:22:51,980 DEBUG BasicTypeRegistry:143 - Adding type registration long -> org.hibernate.type.LongType@658a7b6c
19:22:51,982 DEBUG BasicTypeRegistry:143 - Adding type registration long -> org.hibernate.type.LongType@658a7b6c
19:22:51,983 DEBUG BasicTypeRegistry:143 - Adding type registration java.lang.Long -> org.hibernate.type.LongType@658a7b6c
19:22:51,992 DEBUG BasicTypeRegistry:143 - Adding type registration float -> org.hibernate.type.FloatType@41799345
19:22:51,993 DEBUG BasicTypeRegistry:143 - Adding type registration float -> org.hibernate.type.FloatType@41799345
19:22:51,995 DEBUG BasicTypeRegistry:143 - Adding type registration java.lang.Float -> org.hibernate.type.FloatType@41799345
19:22:52,002 DEBUG BasicTypeRegistry:143 - Adding type registration double -> org.hibernate.type.DoubleType@4e0222ed
19:22:52,003 DEBUG BasicTypeRegistry:143 - Adding type registration double -> org.hibernate.type.DoubleType@4e0222ed
19:22:52,005 DEBUG BasicTypeRegistry:143 - Adding type registration java.lang.Double -> org.hibernate.type.DoubleType@4e0222ed
19:22:52,018 DEBUG BasicTypeRegistry:143 - Adding type registration big_decimal -> org.hibernate.type.BigDecimalType@63e0a6a9
19:22:52,019 DEBUG BasicTypeRegistry:143 - Adding type registration java.math.BigDecimal -> org.hibernate.type.BigDecimalType@63e0a6a9
19:22:52,025 DEBUG BasicTypeRegistry:143 - Adding type registration big_integer -> org.hibernate.type.BigIntegerType@771e98f4
19:22:52,027 DEBUG BasicTypeRegistry:143 - Adding type registration java.math.BigInteger -> org.hibernate.type.BigIntegerType@771e98f4
19:22:52,033 DEBUG BasicTypeRegistry:143 - Adding type registration string -> org.hibernate.type.StringType@183c97db
19:22:52,034 DEBUG BasicTypeRegistry:143 - Adding type registration java.lang.String -> org.hibernate.type.StringType@183c97db
19:22:52,039 DEBUG BasicTypeRegistry:143 - Adding type registration url -> org.hibernate.type.UrlType@50480174
19:22:52,042 DEBUG BasicTypeRegistry:143 - Adding type registration java.net.URL -> org.hibernate.type.UrlType@50480174
19:22:52,093 DEBUG BasicTypeRegistry:143 - Adding type registration date -> org.hibernate.type.DateType@32008dad
19:22:52,094 DEBUG BasicTypeRegistry:143 - Adding type registration java.sql.Date -> org.hibernate.type.DateType@32008dad
19:22:52,101 DEBUG BasicTypeRegistry:143 - Adding type registration time -> org.hibernate.type.TimeType@3bf4899c
19:22:52,104 DEBUG BasicTypeRegistry:143 - Adding type registration java.sql.Time -> org.hibernate.type.TimeType@3bf4899c
19:22:52,140 DEBUG BasicTypeRegistry:143 - Adding type registration timestamp -> org.hibernate.type.TimestampType@52751a9b
19:22:52,142 DEBUG BasicTypeRegistry:143 - Adding type registration java.sql.Timestamp -> org.hibernate.type.TimestampType@52751a9b
19:22:52,143 DEBUG BasicTypeRegistry:143 - Adding type registration java.util.Date -> org.hibernate.type.TimestampType@52751a9b
19:22:52,150 DEBUG BasicTypeRegistry:143 - Adding type registration dbtimestamp -> org.hibernate.type.DbTimestampType@5706937e
19:22:52,157 DEBUG BasicTypeRegistry:143 - Adding type registration calendar -> org.hibernate.type.CalendarType@3e0694a5
19:22:52,159 DEBUG BasicTypeRegistry:143 - Adding type registration java.util.Calendar -> org.hibernate.type.CalendarType@3e0694a5
19:22:52,161 DEBUG BasicTypeRegistry:143 - Adding type registration java.util.GregorianCalendar -> org.hibernate.type.CalendarType@3e0694a5
19:22:52,164 DEBUG BasicTypeRegistry:143 - Adding type registration calendar_date -> org.hibernate.type.CalendarDateType@4424f1a9
19:22:52,169 DEBUG BasicTypeRegistry:143 - Adding type registration locale -> org.hibernate.type.LocaleType@3f952ad4
19:22:52,173 DEBUG BasicTypeRegistry:143 - Adding type registration java.util.Locale -> org.hibernate.type.LocaleType@3f952ad4
19:22:52,179 DEBUG BasicTypeRegistry:143 - Adding type registration currency -> org.hibernate.type.CurrencyType@3a4dd592
19:22:52,180 DEBUG BasicTypeRegistry:143 - Adding type registration java.util.Currency -> org.hibernate.type.CurrencyType@3a4dd592
19:22:52,184 DEBUG BasicTypeRegistry:143 - Adding type registration timezone -> org.hibernate.type.TimeZoneType@5a9f0e68
19:22:52,185 DEBUG BasicTypeRegistry:143 - Adding type registration java.util.TimeZone -> org.hibernate.type.TimeZoneType@5a9f0e68
19:22:52,189 DEBUG BasicTypeRegistry:143 - Adding type registration class -> org.hibernate.type.ClassType@164af41d
19:22:52,190 DEBUG BasicTypeRegistry:143 - Adding type registration java.lang.Class -> org.hibernate.type.ClassType@164af41d
19:22:52,196 DEBUG BasicTypeRegistry:143 - Adding type registration uuid-binary -> org.hibernate.type.UUIDBinaryType@9304022
19:22:52,199 DEBUG BasicTypeRegistry:143 - Adding type registration java.util.UUID -> org.hibernate.type.UUIDBinaryType@9304022
19:22:52,202 DEBUG BasicTypeRegistry:143 - Adding type registration uuid-char -> org.hibernate.type.UUIDCharType@15eae6fb
19:22:52,207 DEBUG BasicTypeRegistry:143 - Adding type registration pg-uuid -> org.hibernate.type.PostgresUUIDType@2b9e9da7
19:22:52,263 DEBUG BasicTypeRegistry:143 - Adding type registration binary -> org.hibernate.type.BinaryType@62dba79e
19:22:52,264 DEBUG BasicTypeRegistry:143 - Adding type registration byte[] -> org.hibernate.type.BinaryType@62dba79e
19:22:52,265 DEBUG BasicTypeRegistry:143 - Adding type registration [B -> org.hibernate.type.BinaryType@62dba79e
19:22:52,269 DEBUG BasicTypeRegistry:143 - Adding type registration wrapper-binary -> org.hibernate.type.WrapperBinaryType@5373b318
19:22:52,270 DEBUG BasicTypeRegistry:143 - Adding type registration Byte[] -> org.hibernate.type.WrapperBinaryType@5373b318
19:22:52,271 DEBUG BasicTypeRegistry:143 - Adding type registration [Ljava.lang.Byte; -> org.hibernate.type.WrapperBinaryType@5373b318
19:22:52,275 DEBUG BasicTypeRegistry:143 - Adding type registration image -> org.hibernate.type.ImageType@175c39c3
19:22:52,280 DEBUG BasicTypeRegistry:143 - Adding type registration characters -> org.hibernate.type.CharArrayType@1a754a4a
19:22:52,281 DEBUG BasicTypeRegistry:143 - Adding type registration char[] -> org.hibernate.type.CharArrayType@1a754a4a
19:22:52,282 DEBUG BasicTypeRegistry:143 - Adding type registration [C -> org.hibernate.type.CharArrayType@1a754a4a
19:22:52,287 DEBUG BasicTypeRegistry:143 - Adding type registration wrapper-characters -> org.hibernate.type.CharacterArrayType@da6aaae
19:22:52,288 DEBUG BasicTypeRegistry:143 - Adding type registration [Ljava.lang.Character; -> org.hibernate.type.CharacterArrayType@da6aaae
19:22:52,289 DEBUG BasicTypeRegistry:143 - Adding type registration Character[] -> org.hibernate.type.CharacterArrayType@da6aaae
19:22:52,293 DEBUG BasicTypeRegistry:143 - Adding type registration text -> org.hibernate.type.TextType@47b38592
19:22:52,316 DEBUG BasicTypeRegistry:143 - Adding type registration blob -> org.hibernate.type.BlobType@45ef94a4
19:22:52,317 DEBUG BasicTypeRegistry:143 - Adding type registration java.sql.Blob -> org.hibernate.type.BlobType@45ef94a4
19:22:52,320 DEBUG BasicTypeRegistry:143 - Adding type registration materialized_blob -> org.hibernate.type.MaterializedBlobType@2916a6bf
19:22:52,333 DEBUG BasicTypeRegistry:143 - Adding type registration clob -> org.hibernate.type.ClobType@693ba66d
19:22:52,334 DEBUG BasicTypeRegistry:143 - Adding type registration java.sql.Clob -> org.hibernate.type.ClobType@693ba66d
19:22:52,337 DEBUG BasicTypeRegistry:143 - Adding type registration materialized_clob -> org.hibernate.type.MaterializedClobType@33b93f89
19:22:52,340 DEBUG BasicTypeRegistry:143 - Adding type registration serializable -> org.hibernate.type.SerializableType@56be1a11
19:22:52,351 DEBUG BasicTypeRegistry:143 - Adding type registration object -> org.hibernate.type.ObjectType@779005c4
19:22:52,352 DEBUG BasicTypeRegistry:143 - Adding type registration java.lang.Object -> org.hibernate.type.ObjectType@779005c4
19:22:52,356 DEBUG BasicTypeRegistry:143 - Adding type registration imm_date -> org.hibernate.type.AdaptedImmutableType@53628ee
19:22:52,357 DEBUG BasicTypeRegistry:143 - Adding type registration imm_time -> org.hibernate.type.AdaptedImmutableType@44e5f21e
19:22:52,358 DEBUG BasicTypeRegistry:143 - Adding type registration imm_timestamp -> org.hibernate.type.AdaptedImmutableType@4377c8ac
19:22:52,359 DEBUG BasicTypeRegistry:143 - Adding type registration imm_dbtimestamp -> org.hibernate.type.AdaptedImmutableType@2fe2c656
19:22:52,360 DEBUG BasicTypeRegistry:143 - Adding type registration imm_calendar -> org.hibernate.type.AdaptedImmutableType@279cb0f1
19:22:52,361 DEBUG BasicTypeRegistry:143 - Adding type registration imm_calendar_date -> org.hibernate.type.AdaptedImmutableType@49450f34
19:22:52,362 DEBUG BasicTypeRegistry:143 - Adding type registration imm_binary -> org.hibernate.type.AdaptedImmutableType@1e905b0d
19:22:52,363 DEBUG BasicTypeRegistry:143 - Adding type registration imm_serializable -> org.hibernate.type.AdaptedImmutableType@6b69dc09
19:22:52,455  INFO Version:37 - HCANN000001: Hibernate Commons Annotations {4.0.1.Final}
19:22:52,498  INFO Version:41 - HHH000412: Hibernate Core {4.1.9.Final}
19:22:52,504  INFO Environment:239 - HHH000206: hibernate.properties not found
19:22:52,509  INFO Environment:342 - HHH000021: Bytecode provider name : javassist
19:22:52,591  INFO Configuration:1933 - HHH000043: Configuring from resource: /hibernate.cfg.xml
19:22:52,592  INFO Configuration:1952 - HHH000040: Configuration resource: /hibernate.cfg.xml
19:24:23,778 DEBUG BasicTypeRegistry:148 - Adding type registration boolean -> org.hibernate.type.BooleanType@48acb798
19:24:23,785 DEBUG BasicTypeRegistry:148 - Adding type registration boolean -> org.hibernate.type.BooleanType@48acb798
19:24:23,786 DEBUG BasicTypeRegistry:148 - Adding type registration java.lang.Boolean -> org.hibernate.type.BooleanType@48acb798
19:24:23,790 DEBUG BasicTypeRegistry:148 - Adding type registration numeric_boolean -> org.hibernate.type.NumericBooleanType@31e28608
19:24:23,800 DEBUG BasicTypeRegistry:148 - Adding type registration true_false -> org.hibernate.type.TrueFalseType@385017e9
19:24:23,805 DEBUG BasicTypeRegistry:148 - Adding type registration yes_no -> org.hibernate.type.YesNoType@610a9daf
19:24:23,812 DEBUG BasicTypeRegistry:148 - Adding type registration byte -> org.hibernate.type.ByteType@84a0b66
19:24:23,814 DEBUG BasicTypeRegistry:148 - Adding type registration byte -> org.hibernate.type.ByteType@84a0b66
19:24:23,815 DEBUG BasicTypeRegistry:148 - Adding type registration java.lang.Byte -> org.hibernate.type.ByteType@84a0b66
19:24:23,820 DEBUG BasicTypeRegistry:148 - Adding type registration character -> org.hibernate.type.CharacterType@6ef250f3
19:24:23,822 DEBUG BasicTypeRegistry:148 - Adding type registration char -> org.hibernate.type.CharacterType@6ef250f3
19:24:23,823 DEBUG BasicTypeRegistry:148 - Adding type registration java.lang.Character -> org.hibernate.type.CharacterType@6ef250f3
19:24:23,830 DEBUG BasicTypeRegistry:148 - Adding type registration short -> org.hibernate.type.ShortType@466a3728
19:24:23,831 DEBUG BasicTypeRegistry:148 - Adding type registration short -> org.hibernate.type.ShortType@466a3728
19:24:23,833 DEBUG BasicTypeRegistry:148 - Adding type registration java.lang.Short -> org.hibernate.type.ShortType@466a3728
19:24:23,837 DEBUG BasicTypeRegistry:148 - Adding type registration integer -> org.hibernate.type.IntegerType@1435f58a
19:24:23,839 DEBUG BasicTypeRegistry:148 - Adding type registration int -> org.hibernate.type.IntegerType@1435f58a
19:24:23,840 DEBUG BasicTypeRegistry:148 - Adding type registration java.lang.Integer -> org.hibernate.type.IntegerType@1435f58a
19:24:23,846 DEBUG BasicTypeRegistry:148 - Adding type registration long -> org.hibernate.type.LongType@53419df2
19:24:23,847 DEBUG BasicTypeRegistry:148 - Adding type registration long -> org.hibernate.type.LongType@53419df2
19:24:23,849 DEBUG BasicTypeRegistry:148 - Adding type registration java.lang.Long -> org.hibernate.type.LongType@53419df2
19:24:23,855 DEBUG BasicTypeRegistry:148 - Adding type registration float -> org.hibernate.type.FloatType@41f5ad2b
19:24:23,856 DEBUG BasicTypeRegistry:148 - Adding type registration float -> org.hibernate.type.FloatType@41f5ad2b
19:24:23,857 DEBUG BasicTypeRegistry:148 - Adding type registration java.lang.Float -> org.hibernate.type.FloatType@41f5ad2b
19:24:23,864 DEBUG BasicTypeRegistry:148 - Adding type registration double -> org.hibernate.type.DoubleType@7fc4fe21
19:24:23,865 DEBUG BasicTypeRegistry:148 - Adding type registration double -> org.hibernate.type.DoubleType@7fc4fe21
19:24:23,866 DEBUG BasicTypeRegistry:148 - Adding type registration java.lang.Double -> org.hibernate.type.DoubleType@7fc4fe21
19:24:23,875 DEBUG BasicTypeRegistry:148 - Adding type registration big_decimal -> org.hibernate.type.BigDecimalType@684d0ca0
19:24:23,876 DEBUG BasicTypeRegistry:148 - Adding type registration java.math.BigDecimal -> org.hibernate.type.BigDecimalType@684d0ca0
19:24:23,881 DEBUG BasicTypeRegistry:148 - Adding type registration big_integer -> org.hibernate.type.BigIntegerType@5214cda3
19:24:23,882 DEBUG BasicTypeRegistry:148 - Adding type registration java.math.BigInteger -> org.hibernate.type.BigIntegerType@5214cda3
19:24:23,887 DEBUG BasicTypeRegistry:148 - Adding type registration string -> org.hibernate.type.StringType@2b29f6e7
19:24:23,888 DEBUG BasicTypeRegistry:148 - Adding type registration java.lang.String -> org.hibernate.type.StringType@2b29f6e7
19:24:23,892 DEBUG BasicTypeRegistry:148 - Adding type registration nstring -> org.hibernate.type.StringNVarcharType@371eaf4e
19:24:23,896 DEBUG BasicTypeRegistry:148 - Adding type registration ncharacter -> org.hibernate.type.CharacterNCharType@625e068
19:24:23,900 DEBUG BasicTypeRegistry:148 - Adding type registration url -> org.hibernate.type.UrlType@127fe8ac
19:24:23,901 DEBUG BasicTypeRegistry:148 - Adding type registration java.net.URL -> org.hibernate.type.UrlType@127fe8ac
19:24:23,908 DEBUG BasicTypeRegistry:148 - Adding type registration date -> org.hibernate.type.DateType@5a00255d
19:24:23,909 DEBUG BasicTypeRegistry:148 - Adding type registration java.sql.Date -> org.hibernate.type.DateType@5a00255d
19:24:23,913 DEBUG BasicTypeRegistry:148 - Adding type registration time -> org.hibernate.type.TimeType@3560721e
19:24:23,915 DEBUG BasicTypeRegistry:148 - Adding type registration java.sql.Time -> org.hibernate.type.TimeType@3560721e
19:24:23,920 DEBUG BasicTypeRegistry:148 - Adding type registration timestamp -> org.hibernate.type.TimestampType@12e0a75a
19:24:23,921 DEBUG BasicTypeRegistry:148 - Adding type registration java.sql.Timestamp -> org.hibernate.type.TimestampType@12e0a75a
19:24:23,923 DEBUG BasicTypeRegistry:148 - Adding type registration java.util.Date -> org.hibernate.type.TimestampType@12e0a75a
19:24:23,927 DEBUG BasicTypeRegistry:148 - Adding type registration dbtimestamp -> org.hibernate.type.DbTimestampType@af094f2
19:24:23,931 DEBUG BasicTypeRegistry:148 - Adding type registration calendar -> org.hibernate.type.CalendarType@31eaca2
19:24:23,932 DEBUG BasicTypeRegistry:148 - Adding type registration java.util.Calendar -> org.hibernate.type.CalendarType@31eaca2
19:24:23,934 DEBUG BasicTypeRegistry:148 - Adding type registration java.util.GregorianCalendar -> org.hibernate.type.CalendarType@31eaca2
19:24:23,936 DEBUG BasicTypeRegistry:148 - Adding type registration calendar_date -> org.hibernate.type.CalendarDateType@50f31775
19:24:23,940 DEBUG BasicTypeRegistry:148 - Adding type registration locale -> org.hibernate.type.LocaleType@3366184d
19:24:23,942 DEBUG BasicTypeRegistry:148 - Adding type registration java.util.Locale -> org.hibernate.type.LocaleType@3366184d
19:24:23,945 DEBUG BasicTypeRegistry:148 - Adding type registration currency -> org.hibernate.type.CurrencyType@678d19b7
19:24:23,947 DEBUG BasicTypeRegistry:148 - Adding type registration java.util.Currency -> org.hibernate.type.CurrencyType@678d19b7
19:24:23,950 DEBUG BasicTypeRegistry:148 - Adding type registration timezone -> org.hibernate.type.TimeZoneType@2ca0fcdc
19:24:23,951 DEBUG BasicTypeRegistry:148 - Adding type registration java.util.TimeZone -> org.hibernate.type.TimeZoneType@2ca0fcdc
19:24:23,954 DEBUG BasicTypeRegistry:148 - Adding type registration class -> org.hibernate.type.ClassType@3fcc9a3d
19:24:23,955 DEBUG BasicTypeRegistry:148 - Adding type registration java.lang.Class -> org.hibernate.type.ClassType@3fcc9a3d
19:24:23,959 DEBUG BasicTypeRegistry:148 - Adding type registration uuid-binary -> org.hibernate.type.UUIDBinaryType@77a83987
19:24:23,960 DEBUG BasicTypeRegistry:148 - Adding type registration java.util.UUID -> org.hibernate.type.UUIDBinaryType@77a83987
19:24:23,962 DEBUG BasicTypeRegistry:148 - Adding type registration uuid-char -> org.hibernate.type.UUIDCharType@7a043387
19:24:23,965 DEBUG BasicTypeRegistry:148 - Adding type registration pg-uuid -> org.hibernate.type.PostgresUUIDType@2cf5e0f0
19:24:23,969 DEBUG BasicTypeRegistry:148 - Adding type registration binary -> org.hibernate.type.BinaryType@4932f4f0
19:24:23,970 DEBUG BasicTypeRegistry:148 - Adding type registration byte[] -> org.hibernate.type.BinaryType@4932f4f0
19:24:23,972 DEBUG BasicTypeRegistry:148 - Adding type registration [B -> org.hibernate.type.BinaryType@4932f4f0
19:24:23,975 DEBUG BasicTypeRegistry:148 - Adding type registration wrapper-binary -> org.hibernate.type.WrapperBinaryType@64ce2228
19:24:23,975 DEBUG BasicTypeRegistry:148 - Adding type registration Byte[] -> org.hibernate.type.WrapperBinaryType@64ce2228
19:24:23,976 DEBUG BasicTypeRegistry:148 - Adding type registration [Ljava.lang.Byte; -> org.hibernate.type.WrapperBinaryType@64ce2228
19:24:23,978 DEBUG BasicTypeRegistry:148 - Adding type registration image -> org.hibernate.type.ImageType@618e8b78
19:24:23,981 DEBUG BasicTypeRegistry:148 - Adding type registration characters -> org.hibernate.type.CharArrayType@4ba0561d
19:24:23,982 DEBUG BasicTypeRegistry:148 - Adding type registration char[] -> org.hibernate.type.CharArrayType@4ba0561d
19:24:23,983 DEBUG BasicTypeRegistry:148 - Adding type registration [C -> org.hibernate.type.CharArrayType@4ba0561d
19:24:23,986 DEBUG BasicTypeRegistry:148 - Adding type registration wrapper-characters -> org.hibernate.type.CharacterArrayType@5b92dc8e
19:24:23,987 DEBUG BasicTypeRegistry:148 - Adding type registration [Ljava.lang.Character; -> org.hibernate.type.CharacterArrayType@5b92dc8e
19:24:23,987 DEBUG BasicTypeRegistry:148 - Adding type registration Character[] -> org.hibernate.type.CharacterArrayType@5b92dc8e
19:24:23,990 DEBUG BasicTypeRegistry:148 - Adding type registration text -> org.hibernate.type.TextType@1f80ce47
19:24:24,000 DEBUG BasicTypeRegistry:148 - Adding type registration ntext -> org.hibernate.type.NTextType@c2380d1
19:24:24,013 DEBUG BasicTypeRegistry:148 - Adding type registration blob -> org.hibernate.type.BlobType@5247fb00
19:24:24,014 DEBUG BasicTypeRegistry:148 - Adding type registration java.sql.Blob -> org.hibernate.type.BlobType@5247fb00
19:24:24,016 DEBUG BasicTypeRegistry:148 - Adding type registration materialized_blob -> org.hibernate.type.MaterializedBlobType@44d4ba66
19:24:24,027 DEBUG BasicTypeRegistry:148 - Adding type registration clob -> org.hibernate.type.ClobType@578cbd65
19:24:24,028 DEBUG BasicTypeRegistry:148 - Adding type registration java.sql.Clob -> org.hibernate.type.ClobType@578cbd65
19:24:24,055 DEBUG BasicTypeRegistry:148 - Adding type registration nclob -> org.hibernate.type.NClobType@192328ef
19:24:24,056 DEBUG BasicTypeRegistry:148 - Adding type registration java.sql.NClob -> org.hibernate.type.NClobType@192328ef
19:24:24,058 DEBUG BasicTypeRegistry:148 - Adding type registration materialized_clob -> org.hibernate.type.MaterializedClobType@1e38d900
19:24:24,061 DEBUG BasicTypeRegistry:148 - Adding type registration materialized_nclob -> org.hibernate.type.MaterializedNClobType@21d195ca
19:24:24,065 DEBUG BasicTypeRegistry:148 - Adding type registration serializable -> org.hibernate.type.SerializableType@4d892c59
19:24:24,072 DEBUG BasicTypeRegistry:148 - Adding type registration object -> org.hibernate.type.ObjectType@7c4b87f7
19:24:24,073 DEBUG BasicTypeRegistry:148 - Adding type registration java.lang.Object -> org.hibernate.type.ObjectType@7c4b87f7
19:24:24,075 DEBUG BasicTypeRegistry:148 - Adding type registration imm_date -> org.hibernate.type.AdaptedImmutableType@43259ee0
19:24:24,076 DEBUG BasicTypeRegistry:148 - Adding type registration imm_time -> org.hibernate.type.AdaptedImmutableType@147e668d
19:24:24,076 DEBUG BasicTypeRegistry:148 - Adding type registration imm_timestamp -> org.hibernate.type.AdaptedImmutableType@7aca9651
19:24:24,077 DEBUG BasicTypeRegistry:148 - Adding type registration imm_dbtimestamp -> org.hibernate.type.AdaptedImmutableType@46a2b249
19:24:24,078 DEBUG BasicTypeRegistry:148 - Adding type registration imm_calendar -> org.hibernate.type.AdaptedImmutableType@7ddeef8a
19:24:24,079 DEBUG BasicTypeRegistry:148 - Adding type registration imm_calendar_date -> org.hibernate.type.AdaptedImmutableType@6f0f4d89
19:24:24,080 DEBUG BasicTypeRegistry:148 - Adding type registration imm_binary -> org.hibernate.type.AdaptedImmutableType@741ad263
19:24:24,081 DEBUG BasicTypeRegistry:148 - Adding type registration imm_serializable -> org.hibernate.type.AdaptedImmutableType@7ef229cd
19:24:24,204  INFO Version:37 - HCANN000001: Hibernate Commons Annotations {4.0.2.Final}
19:24:24,215  INFO Version:41 - HHH000412: Hibernate Core {4.2.2.Final}
19:24:24,219  INFO Environment:239 - HHH000206: hibernate.properties not found
19:24:24,223  INFO Environment:342 - HHH000021: Bytecode provider name : javassist
19:24:24,272  INFO Configuration:1985 - HHH000043: Configuring from resource: /hibernate.cfg.xml
19:24:24,273  INFO Configuration:2004 - HHH000040: Configuration resource: /hibernate.cfg.xml
19:25:22,816 DEBUG BasicTypeRegistry:148 - Adding type registration boolean -> org.hibernate.type.BooleanType@291bfe83
19:25:22,825 DEBUG BasicTypeRegistry:148 - Adding type registration boolean -> org.hibernate.type.BooleanType@291bfe83
19:25:22,827 DEBUG BasicTypeRegistry:148 - Adding type registration java.lang.Boolean -> org.hibernate.type.BooleanType@291bfe83
19:25:22,833 DEBUG BasicTypeRegistry:148 - Adding type registration numeric_boolean -> org.hibernate.type.NumericBooleanType@73dfc95e
19:25:22,839 DEBUG BasicTypeRegistry:148 - Adding type registration true_false -> org.hibernate.type.TrueFalseType@5fa9b92e
19:25:22,842 DEBUG BasicTypeRegistry:148 - Adding type registration yes_no -> org.hibernate.type.YesNoType@1251dee1
19:25:22,852 DEBUG BasicTypeRegistry:148 - Adding type registration byte -> org.hibernate.type.ByteType@24859367
19:25:22,853 DEBUG BasicTypeRegistry:148 - Adding type registration byte -> org.hibernate.type.ByteType@24859367
19:25:22,855 DEBUG BasicTypeRegistry:148 - Adding type registration java.lang.Byte -> org.hibernate.type.ByteType@24859367
19:25:22,861 DEBUG BasicTypeRegistry:148 - Adding type registration character -> org.hibernate.type.CharacterType@71ba5839
19:25:22,863 DEBUG BasicTypeRegistry:148 - Adding type registration char -> org.hibernate.type.CharacterType@71ba5839
19:25:22,865 DEBUG BasicTypeRegistry:148 - Adding type registration java.lang.Character -> org.hibernate.type.CharacterType@71ba5839
19:25:22,874 DEBUG BasicTypeRegistry:148 - Adding type registration short -> org.hibernate.type.ShortType@19d449fc
19:25:22,877 DEBUG BasicTypeRegistry:148 - Adding type registration short -> org.hibernate.type.ShortType@19d449fc
19:25:22,879 DEBUG BasicTypeRegistry:148 - Adding type registration java.lang.Short -> org.hibernate.type.ShortType@19d449fc
19:25:22,885 DEBUG BasicTypeRegistry:148 - Adding type registration integer -> org.hibernate.type.IntegerType@120bc03b
19:25:22,890 DEBUG BasicTypeRegistry:148 - Adding type registration int -> org.hibernate.type.IntegerType@120bc03b
19:25:22,892 DEBUG BasicTypeRegistry:148 - Adding type registration java.lang.Integer -> org.hibernate.type.IntegerType@120bc03b
19:25:22,902 DEBUG BasicTypeRegistry:148 - Adding type registration long -> org.hibernate.type.LongType@b3163dd
19:25:22,903 DEBUG BasicTypeRegistry:148 - Adding type registration long -> org.hibernate.type.LongType@b3163dd
19:25:22,905 DEBUG BasicTypeRegistry:148 - Adding type registration java.lang.Long -> org.hibernate.type.LongType@b3163dd
19:25:22,911 DEBUG BasicTypeRegistry:148 - Adding type registration float -> org.hibernate.type.FloatType@735ed323
19:25:22,913 DEBUG BasicTypeRegistry:148 - Adding type registration float -> org.hibernate.type.FloatType@735ed323
19:25:22,914 DEBUG BasicTypeRegistry:148 - Adding type registration java.lang.Float -> org.hibernate.type.FloatType@735ed323
19:25:22,921 DEBUG BasicTypeRegistry:148 - Adding type registration double -> org.hibernate.type.DoubleType@5eab5809
19:25:22,928 DEBUG BasicTypeRegistry:148 - Adding type registration double -> org.hibernate.type.DoubleType@5eab5809
19:25:22,930 DEBUG BasicTypeRegistry:148 - Adding type registration java.lang.Double -> org.hibernate.type.DoubleType@5eab5809
19:25:22,945 DEBUG BasicTypeRegistry:148 - Adding type registration big_decimal -> org.hibernate.type.BigDecimalType@62811340
19:25:22,946 DEBUG BasicTypeRegistry:148 - Adding type registration java.math.BigDecimal -> org.hibernate.type.BigDecimalType@62811340
19:25:22,952 DEBUG BasicTypeRegistry:148 - Adding type registration big_integer -> org.hibernate.type.BigIntegerType@32008dad
19:25:22,954 DEBUG BasicTypeRegistry:148 - Adding type registration java.math.BigInteger -> org.hibernate.type.BigIntegerType@32008dad
19:25:22,959 DEBUG BasicTypeRegistry:148 - Adding type registration string -> org.hibernate.type.StringType@4611dca9
19:25:22,961 DEBUG BasicTypeRegistry:148 - Adding type registration java.lang.String -> org.hibernate.type.StringType@4611dca9
19:25:22,965 DEBUG BasicTypeRegistry:148 - Adding type registration nstring -> org.hibernate.type.StringNVarcharType@14e73af3
19:25:22,970 DEBUG BasicTypeRegistry:148 - Adding type registration ncharacter -> org.hibernate.type.CharacterNCharType@50317d82
19:25:22,976 DEBUG BasicTypeRegistry:148 - Adding type registration url -> org.hibernate.type.UrlType@2161df1f
19:25:22,978 DEBUG BasicTypeRegistry:148 - Adding type registration java.net.URL -> org.hibernate.type.UrlType@2161df1f
19:25:22,985 DEBUG BasicTypeRegistry:148 - Adding type registration date -> org.hibernate.type.DateType@3997ebf6
19:25:22,986 DEBUG BasicTypeRegistry:148 - Adding type registration java.sql.Date -> org.hibernate.type.DateType@3997ebf6
19:25:22,995 DEBUG BasicTypeRegistry:148 - Adding type registration time -> org.hibernate.type.TimeType@7036b673
19:25:22,996 DEBUG BasicTypeRegistry:148 - Adding type registration java.sql.Time -> org.hibernate.type.TimeType@7036b673
19:25:23,001 DEBUG BasicTypeRegistry:148 - Adding type registration timestamp -> org.hibernate.type.TimestampType@5514cd80
19:25:23,003 DEBUG BasicTypeRegistry:148 - Adding type registration java.sql.Timestamp -> org.hibernate.type.TimestampType@5514cd80
19:25:23,004 DEBUG BasicTypeRegistry:148 - Adding type registration java.util.Date -> org.hibernate.type.TimestampType@5514cd80
19:25:23,008 DEBUG BasicTypeRegistry:148 - Adding type registration dbtimestamp -> org.hibernate.type.DbTimestampType@5c49d589
19:25:23,011 DEBUG BasicTypeRegistry:148 - Adding type registration calendar -> org.hibernate.type.CalendarType@606113e0
19:25:23,013 DEBUG BasicTypeRegistry:148 - Adding type registration java.util.Calendar -> org.hibernate.type.CalendarType@606113e0
19:25:23,014 DEBUG BasicTypeRegistry:148 - Adding type registration java.util.GregorianCalendar -> org.hibernate.type.CalendarType@606113e0
19:25:23,016 DEBUG BasicTypeRegistry:148 - Adding type registration calendar_date -> org.hibernate.type.CalendarDateType@52d7c147
19:25:23,020 DEBUG BasicTypeRegistry:148 - Adding type registration locale -> org.hibernate.type.LocaleType@376c72cc
19:25:23,021 DEBUG BasicTypeRegistry:148 - Adding type registration java.util.Locale -> org.hibernate.type.LocaleType@376c72cc
19:25:23,024 DEBUG BasicTypeRegistry:148 - Adding type registration currency -> org.hibernate.type.CurrencyType@2a399fdc
19:25:23,025 DEBUG BasicTypeRegistry:148 - Adding type registration java.util.Currency -> org.hibernate.type.CurrencyType@2a399fdc
19:25:23,028 DEBUG BasicTypeRegistry:148 - Adding type registration timezone -> org.hibernate.type.TimeZoneType@ebe9f73
19:25:23,030 DEBUG BasicTypeRegistry:148 - Adding type registration java.util.TimeZone -> org.hibernate.type.TimeZoneType@ebe9f73
19:25:23,033 DEBUG BasicTypeRegistry:148 - Adding type registration class -> org.hibernate.type.ClassType@5675d86b
19:25:23,034 DEBUG BasicTypeRegistry:148 - Adding type registration java.lang.Class -> org.hibernate.type.ClassType@5675d86b
19:25:23,040 DEBUG BasicTypeRegistry:148 - Adding type registration uuid-binary -> org.hibernate.type.UUIDBinaryType@5e48a0e1
19:25:23,041 DEBUG BasicTypeRegistry:148 - Adding type registration java.util.UUID -> org.hibernate.type.UUIDBinaryType@5e48a0e1
19:25:23,043 DEBUG BasicTypeRegistry:148 - Adding type registration uuid-char -> org.hibernate.type.UUIDCharType@e2a56ac
19:25:23,048 DEBUG BasicTypeRegistry:148 - Adding type registration pg-uuid -> org.hibernate.type.PostgresUUIDType@7a93069b
19:25:23,052 DEBUG BasicTypeRegistry:148 - Adding type registration binary -> org.hibernate.type.BinaryType@3244eabe
19:25:23,052 DEBUG BasicTypeRegistry:148 - Adding type registration byte[] -> org.hibernate.type.BinaryType@3244eabe
19:25:23,053 DEBUG BasicTypeRegistry:148 - Adding type registration [B -> org.hibernate.type.BinaryType@3244eabe
19:25:23,056 DEBUG BasicTypeRegistry:148 - Adding type registration wrapper-binary -> org.hibernate.type.WrapperBinaryType@6e955c85
19:25:23,057 DEBUG BasicTypeRegistry:148 - Adding type registration Byte[] -> org.hibernate.type.WrapperBinaryType@6e955c85
19:25:23,058 DEBUG BasicTypeRegistry:148 - Adding type registration [Ljava.lang.Byte; -> org.hibernate.type.WrapperBinaryType@6e955c85
19:25:23,061 DEBUG BasicTypeRegistry:148 - Adding type registration image -> org.hibernate.type.ImageType@5f02b4b
19:25:23,066 DEBUG BasicTypeRegistry:148 - Adding type registration characters -> org.hibernate.type.CharArrayType@4b263427
19:25:23,068 DEBUG BasicTypeRegistry:148 - Adding type registration char[] -> org.hibernate.type.CharArrayType@4b263427
19:25:23,068 DEBUG BasicTypeRegistry:148 - Adding type registration [C -> org.hibernate.type.CharArrayType@4b263427
19:25:23,072 DEBUG BasicTypeRegistry:148 - Adding type registration wrapper-characters -> org.hibernate.type.CharacterArrayType@d54bd83
19:25:23,073 DEBUG BasicTypeRegistry:148 - Adding type registration [Ljava.lang.Character; -> org.hibernate.type.CharacterArrayType@d54bd83
19:25:23,073 DEBUG BasicTypeRegistry:148 - Adding type registration Character[] -> org.hibernate.type.CharacterArrayType@d54bd83
19:25:23,076 DEBUG BasicTypeRegistry:148 - Adding type registration text -> org.hibernate.type.TextType@6155b814
19:25:23,079 DEBUG BasicTypeRegistry:148 - Adding type registration ntext -> org.hibernate.type.NTextType@6cd97a79
19:25:23,091 DEBUG BasicTypeRegistry:148 - Adding type registration blob -> org.hibernate.type.BlobType@11a7845f
19:25:23,092 DEBUG BasicTypeRegistry:148 - Adding type registration java.sql.Blob -> org.hibernate.type.BlobType@11a7845f
19:25:23,094 DEBUG BasicTypeRegistry:148 - Adding type registration materialized_blob -> org.hibernate.type.MaterializedBlobType@2174009b
19:25:23,116 DEBUG BasicTypeRegistry:148 - Adding type registration clob -> org.hibernate.type.ClobType@54fba1ac
19:25:23,117 DEBUG BasicTypeRegistry:148 - Adding type registration java.sql.Clob -> org.hibernate.type.ClobType@54fba1ac
19:25:23,127 DEBUG BasicTypeRegistry:148 - Adding type registration nclob -> org.hibernate.type.NClobType@45974736
19:25:23,128 DEBUG BasicTypeRegistry:148 - Adding type registration java.sql.NClob -> org.hibernate.type.NClobType@45974736
19:25:23,130 DEBUG BasicTypeRegistry:148 - Adding type registration materialized_clob -> org.hibernate.type.MaterializedClobType@4c782678
19:25:23,133 DEBUG BasicTypeRegistry:148 - Adding type registration materialized_nclob -> org.hibernate.type.MaterializedNClobType@262e9e80
19:25:23,137 DEBUG BasicTypeRegistry:148 - Adding type registration serializable -> org.hibernate.type.SerializableType@1e6b74c8
19:25:23,146 DEBUG BasicTypeRegistry:148 - Adding type registration object -> org.hibernate.type.ObjectType@d9ef365
19:25:23,147 DEBUG BasicTypeRegistry:148 - Adding type registration java.lang.Object -> org.hibernate.type.ObjectType@d9ef365
19:25:23,149 DEBUG BasicTypeRegistry:148 - Adding type registration imm_date -> org.hibernate.type.AdaptedImmutableType@3cd1aa70
19:25:23,150 DEBUG BasicTypeRegistry:148 - Adding type registration imm_time -> org.hibernate.type.AdaptedImmutableType@439ed348
19:25:23,150 DEBUG BasicTypeRegistry:148 - Adding type registration imm_timestamp -> org.hibernate.type.AdaptedImmutableType@4b783ddd
19:25:23,151 DEBUG BasicTypeRegistry:148 - Adding type registration imm_dbtimestamp -> org.hibernate.type.AdaptedImmutableType@5ae1a690
19:25:23,152 DEBUG BasicTypeRegistry:148 - Adding type registration imm_calendar -> org.hibernate.type.AdaptedImmutableType@767ebd7d
19:25:23,153 DEBUG BasicTypeRegistry:148 - Adding type registration imm_calendar_date -> org.hibernate.type.AdaptedImmutableType@a52ded2
19:25:23,159 DEBUG BasicTypeRegistry:148 - Adding type registration imm_binary -> org.hibernate.type.AdaptedImmutableType@6366fad9
19:25:23,160 DEBUG BasicTypeRegistry:148 - Adding type registration imm_serializable -> org.hibernate.type.AdaptedImmutableType@37408d95
19:25:23,223  INFO Version:37 - HCANN000001: Hibernate Commons Annotations {4.0.2.Final}
19:25:23,235  INFO Version:41 - HHH000412: Hibernate Core {4.2.2.Final}
19:25:23,240  INFO Environment:239 - HHH000206: hibernate.properties not found
19:25:23,243  INFO Environment:342 - HHH000021: Bytecode provider name : javassist
19:25:23,295  INFO Configuration:1985 - HHH000043: Configuring from resource: /hibernate.cfg.xml
19:25:23,295  INFO Configuration:2004 - HHH000040: Configuration resource: /hibernate.cfg.xml
